?ASxxxx-Error-<q> in line 43 of emu3.asm
              <q> missing or improper operators, terminators, or delimiters
?ASxxxx-Error-<q> in line 45 of emu3.asm
              <q> missing or improper operators, terminators, or delimiters
?ASxxxx-Error-<q> in line 209 of emu3.asm
              <q> missing or improper operators, terminators, or delimiters
?ASxxxx-Error-<q> in line 578 of emu3.asm
              <q> missing or improper operators, terminators, or delimiters
?ASxxxx-Error-<q> in line 580 of emu3.asm
              <q> missing or improper operators, terminators, or delimiters
?ASxxxx-Error-<q> in line 582 of emu3.asm
              <q> missing or improper operators, terminators, or delimiters
?ASxxxx-Error-<q> in line 584 of emu3.asm
              <q> missing or improper operators, terminators, or delimiters
?ASxxxx-Error-<q> in line 586 of emu3.asm
              <q> missing or improper operators, terminators, or delimiters
?ASxxxx-Error-<q> in line 588 of emu3.asm
              <q> missing or improper operators, terminators, or delimiters
?ASxxxx-Error-<q> in line 590 of emu3.asm
              <q> missing or improper operators, terminators, or delimiters
?ASxxxx-Error-<q> in line 592 of emu3.asm
              <q> missing or improper operators, terminators, or delimiters
?ASxxxx-Error-<q> in line 594 of emu3.asm
              <q> missing or improper operators, terminators, or delimiters
?ASxxxx-Error-<q> in line 596 of emu3.asm
              <q> missing or improper operators, terminators, or delimiters
?ASxxxx-Error-<q> in line 598 of emu3.asm
              <q> missing or improper operators, terminators, or delimiters
?ASxxxx-Error-<q> in line 600 of emu3.asm
              <q> missing or improper operators, terminators, or delimiters
?ASxxxx-Error-<q> in line 602 of emu3.asm
              <q> missing or improper operators, terminators, or delimiters
?ASxxxx-Error-<q> in line 604 of emu3.asm
              <q> missing or improper operators, terminators, or delimiters
?ASxxxx-Error-<q> in line 606 of emu3.asm
              <q> missing or improper operators, terminators, or delimiters
?ASxxxx-Error-<q> in line 608 of emu3.asm
              <q> missing or improper operators, terminators, or delimiters
?ASxxxx-Error-<q> in line 610 of emu3.asm
              <q> missing or improper operators, terminators, or delimiters
?ASxxxx-Error-<q> in line 612 of emu3.asm
              <q> missing or improper operators, terminators, or delimiters
?ASxxxx-Error-<q> in line 614 of emu3.asm
              <q> missing or improper operators, terminators, or delimiters
?ASxxxx-Error-<q> in line 616 of emu3.asm
              <q> missing or improper operators, terminators, or delimiters
?ASxxxx-Error-<q> in line 618 of emu3.asm
              <q> missing or improper operators, terminators, or delimiters
?ASxxxx-Error-<kq> in line 637 of emu3.asm
              <k> numerical conversion error
              <q> missing or improper operators, terminators, or delimiters
?ASxxxx-Error-<q> in line 638 of emu3.asm
              <q> missing or improper operators, terminators, or delimiters
?ASxxxx-Error-<kq> in line 639 of emu3.asm
              <k> numerical conversion error
              <q> missing or improper operators, terminators, or delimiters
?ASxxxx-Error-<q> in line 640 of emu3.asm
              <q> missing or improper operators, terminators, or delimiters
?ASxxxx-Error-<q> in line 641 of emu3.asm
              <q> missing or improper operators, terminators, or delimiters
?ASxxxx-Error-<kq> in line 642 of emu3.asm
              <k> numerical conversion error
              <q> missing or improper operators, terminators, or delimiters
?ASxxxx-Error-<kq> in line 643 of emu3.asm
              <k> numerical conversion error
              <q> missing or improper operators, terminators, or delimiters
?ASxxxx-Error-<kq> in line 644 of emu3.asm
              <k> numerical conversion error
              <q> missing or improper operators, terminators, or delimiters
?ASxxxx-Error-<kq> in line 645 of emu3.asm
              <k> numerical conversion error
              <q> missing or improper operators, terminators, or delimiters
?ASxxxx-Error-<u> in line 673 of emu3.asm
              <u> undefined symbol encountered during assembly
?ASxxxx-Error-<q> in line 764 of emu3.asm
              <q> missing or improper operators, terminators, or delimiters
?ASxxxx-Error-<q> in line 946 of emu3.asm
              <q> missing or improper operators, terminators, or delimiters
?ASxxxx-Error-<q> in line 948 of emu3.asm
              <q> missing or improper operators, terminators, or delimiters
?ASxxxx-Error-<q> in line 957 of emu3.asm
              <q> missing or improper operators, terminators, or delimiters
?ASxxxx-Error-<q> in line 960 of emu3.asm
              <q> missing or improper operators, terminators, or delimiters
?ASxxxx-Error-<q> in line 968 of emu3.asm
              <q> missing or improper operators, terminators, or delimiters
?ASxxxx-Error-<q> in line 972 of emu3.asm
              <q> missing or improper operators, terminators, or delimiters
?ASxxxx-Error-<q> in line 983 of emu3.asm
              <q> missing or improper operators, terminators, or delimiters
?ASxxxx-Error-<q> in line 985 of emu3.asm
              <q> missing or improper operators, terminators, or delimiters
?ASxxxx-Error-<kq> in line 987 of emu3.asm
              <k> numerical conversion error
              <q> missing or improper operators, terminators, or delimiters
?ASxxxx-Error-<kq> in line 996 of emu3.asm
              <k> numerical conversion error
              <q> missing or improper operators, terminators, or delimiters
?ASxxxx-Error-<q> in line 1015 of emu3.asm
              <q> missing or improper operators, terminators, or delimiters
?ASxxxx-Error-<kq> in line 1017 of emu3.asm
              <k> numerical conversion error
              <q> missing or improper operators, terminators, or delimiters
?ASxxxx-Error-<q> in line 1035 of emu3.asm
              <q> missing or improper operators, terminators, or delimiters
?ASxxxx-Error-<q> in line 1114 of emu3.asm
              <q> missing or improper operators, terminators, or delimiters
?ASxxxx-Error-<q> in line 1116 of emu3.asm
              <q> missing or improper operators, terminators, or delimiters
?ASxxxx-Error-<q> in line 1134 of emu3.asm
              <q> missing or improper operators, terminators, or delimiters
?ASxxxx-Error-<q> in line 1174 of emu3.asm
              <q> missing or improper operators, terminators, or delimiters
?ASxxxx-Error-<kq> in line 1192 of emu3.asm
              <k> numerical conversion error
              <q> missing or improper operators, terminators, or delimiters
?ASxxxx-Error-<q> in line 1226 of emu3.asm
              <q> missing or improper operators, terminators, or delimiters
?ASxxxx-Error-<kq> in line 1243 of emu3.asm
              <k> numerical conversion error
              <q> missing or improper operators, terminators, or delimiters
?ASxxxx-Error-<u> in line 1320 of emu3.asm
              <u> undefined symbol encountered during assembly
?ASxxxx-Error-<q> in line 1354 of emu3.asm
              <q> missing or improper operators, terminators, or delimiters
?ASxxxx-Error-<q> in line 1392 of emu3.asm
              <q> missing or improper operators, terminators, or delimiters
?ASxxxx-Error-<q> in line 1394 of emu3.asm
              <q> missing or improper operators, terminators, or delimiters
?ASxxxx-Error-<q> in line 1396 of emu3.asm
              <q> missing or improper operators, terminators, or delimiters
?ASxxxx-Error-<u> in line 1423 of emu3.asm
              <u> undefined symbol encountered during assembly
?ASxxxx-Error-<u> in line 1425 of emu3.asm
              <u> undefined symbol encountered during assembly
?ASxxxx-Error-<o> in line 1437 of emu3.asm
              <o> .org in REL area or directive / mnemonic error
?ASxxxx-Error-<kq> in line 1448 of emu3.asm
              <k> numerical conversion error
              <q> missing or improper operators, terminators, or delimiters
?ASxxxx-Error-<q> in line 1494 of emu3.asm
              <q> missing or improper operators, terminators, or delimiters
?ASxxxx-Error-<q> in line 1496 of emu3.asm
              <q> missing or improper operators, terminators, or delimiters
?ASxxxx-Error-<q> in line 1533 of emu3.asm
              <q> missing or improper operators, terminators, or delimiters
?ASxxxx-Error-<q> in line 1550 of emu3.asm
              <q> missing or improper operators, terminators, or delimiters
?ASxxxx-Error-<q> in line 1645 of emu3.asm
              <q> missing or improper operators, terminators, or delimiters
?ASxxxx-Error-<u> in line 1653 of emu3.asm
              <u> undefined symbol encountered during assembly
?ASxxxx-Error-<u> in line 1708 of emu3.asm
              <u> undefined symbol encountered during assembly
?ASxxxx-Error-<q> in line 1715 of emu3.asm
              <q> missing or improper operators, terminators, or delimiters
?ASxxxx-Error-<u> in line 1726 of emu3.asm
              <u> undefined symbol encountered during assembly
?ASxxxx-Error-<q> in line 1744 of emu3.asm
              <q> missing or improper operators, terminators, or delimiters
?ASxxxx-Error-<q> in line 1756 of emu3.asm
              <q> missing or improper operators, terminators, or delimiters
?ASxxxx-Error-<q> in line 1824 of emu3.asm
              <q> missing or improper operators, terminators, or delimiters
?ASxxxx-Error-<q> in line 1845 of emu3.asm
              <q> missing or improper operators, terminators, or delimiters
?ASxxxx-Error-<q> in line 1851 of emu3.asm
              <q> missing or improper operators, terminators, or delimiters
?ASxxxx-Error-<q> in line 1866 of emu3.asm
              <q> missing or improper operators, terminators, or delimiters
?ASxxxx-Error-<q> in line 1879 of emu3.asm
              <q> missing or improper operators, terminators, or delimiters
?ASxxxx-Error-<q> in line 1884 of emu3.asm
              <q> missing or improper operators, terminators, or delimiters
?ASxxxx-Error-<q> in line 1889 of emu3.asm
              <q> missing or improper operators, terminators, or delimiters
?ASxxxx-Error-<q> in line 1908 of emu3.asm
              <q> missing or improper operators, terminators, or delimiters
?ASxxxx-Error-<q> in line 1914 of emu3.asm
              <q> missing or improper operators, terminators, or delimiters
?ASxxxx-Error-<q> in line 1915 of emu3.asm
              <q> missing or improper operators, terminators, or delimiters
?ASxxxx-Error-<q> in line 1932 of emu3.asm
              <q> missing or improper operators, terminators, or delimiters
?ASxxxx-Error-<q> in line 2009 of emu3.asm
              <q> missing or improper operators, terminators, or delimiters
?ASxxxx-Error-<q> in line 2105 of emu3.asm
              <q> missing or improper operators, terminators, or delimiters
?ASxxxx-Error-<q> in line 2108 of emu3.asm
              <q> missing or improper operators, terminators, or delimiters
?ASxxxx-Error-<u> in line 2109 of emu3.asm
              <u> undefined symbol encountered during assembly
?ASxxxx-Error-<q> in line 2110 of emu3.asm
              <q> missing or improper operators, terminators, or delimiters
?ASxxxx-Error-<q> in line 2116 of emu3.asm
              <q> missing or improper operators, terminators, or delimiters
?ASxxxx-Error-<q> in line 2120 of emu3.asm
              <q> missing or improper operators, terminators, or delimiters
?ASxxxx-Error-<q> in line 2162 of emu3.asm
              <q> missing or improper operators, terminators, or delimiters
?ASxxxx-Error-<q> in line 2189 of emu3.asm
              <q> missing or improper operators, terminators, or delimiters
?ASxxxx-Error-<q> in line 2192 of emu3.asm
              <q> missing or improper operators, terminators, or delimiters
?ASxxxx-Error-<q> in line 2316 of emu3.asm
              <q> missing or improper operators, terminators, or delimiters
?ASxxxx-Error-<u> in line 2321 of emu3.asm
              <u> undefined symbol encountered during assembly
?ASxxxx-Error-<q> in line 2339 of emu3.asm
              <q> missing or improper operators, terminators, or delimiters
?ASxxxx-Error-<q> in line 2352 of emu3.asm
              <q> missing or improper operators, terminators, or delimiters
?ASxxxx-Error-<q> in line 2441 of emu3.asm
              <q> missing or improper operators, terminators, or delimiters
?ASxxxx-Error-<u> in line 2452 of emu3.asm
              <u> undefined symbol encountered during assembly
?ASxxxx-Error-<u> in line 2635 of emu3.asm
              <u> undefined symbol encountered during assembly
?ASxxxx-Error-<u> in line 2698 of emu3.asm
              <u> undefined symbol encountered during assembly
?ASxxxx-Error-<q> in line 2742 of emu3.asm
              <q> missing or improper operators, terminators, or delimiters
?ASxxxx-Error-<q> in line 2755 of emu3.asm
              <q> missing or improper operators, terminators, or delimiters
?ASxxxx-Error-<q> in line 3092 of emu3.asm
              <q> missing or improper operators, terminators, or delimiters
?ASxxxx-Error-<q> in line 3095 of emu3.asm
              <q> missing or improper operators, terminators, or delimiters
?ASxxxx-Error-<q> in line 3132 of emu3.asm
              <q> missing or improper operators, terminators, or delimiters
?ASxxxx-Error-<u> in line 3134 of emu3.asm
              <u> undefined symbol encountered during assembly
?ASxxxx-Error-<q> in line 3136 of emu3.asm
              <q> missing or improper operators, terminators, or delimiters
?ASxxxx-Error-<q> in line 3170 of emu3.asm
              <q> missing or improper operators, terminators, or delimiters
?ASxxxx-Error-<q> in line 3183 of emu3.asm
              <q> missing or improper operators, terminators, or delimiters
?ASxxxx-Error-<q> in line 3205 of emu3.asm
              <q> missing or improper operators, terminators, or delimiters
?ASxxxx-Error-<u> in line 3218 of emu3.asm
              <u> undefined symbol encountered during assembly
?ASxxxx-Error-<kq> in line 3319 of emu3.asm
              <k> numerical conversion error
              <q> missing or improper operators, terminators, or delimiters
?ASxxxx-Error-<q> in line 3395 of emu3.asm
              <q> missing or improper operators, terminators, or delimiters
?ASxxxx-Error-<q> in line 3398 of emu3.asm
              <q> missing or improper operators, terminators, or delimiters
?ASxxxx-Error-<q> in line 3399 of emu3.asm
              <q> missing or improper operators, terminators, or delimiters
?ASxxxx-Error-<q> in line 3400 of emu3.asm
              <q> missing or improper operators, terminators, or delimiters
?ASxxxx-Error-<u> in line 3432 of emu3.asm
              <u> undefined symbol encountered during assembly
?ASxxxx-Error-<u> in line 3536 of emu3.asm
              <u> undefined symbol encountered during assembly
?ASxxxx-Error-<q> in line 3808 of emu3.asm
              <q> missing or improper operators, terminators, or delimiters
?ASxxxx-Error-<q> in line 3811 of emu3.asm
              <q> missing or improper operators, terminators, or delimiters
?ASxxxx-Error-<q> in line 3822 of emu3.asm
              <q> missing or improper operators, terminators, or delimiters
?ASxxxx-Error-<q> in line 3824 of emu3.asm
              <q> missing or improper operators, terminators, or delimiters
?ASxxxx-Error-<q> in line 3872 of emu3.asm
              <q> missing or improper operators, terminators, or delimiters
?ASxxxx-Error-<q> in line 3891 of emu3.asm
              <q> missing or improper operators, terminators, or delimiters
?ASxxxx-Error-<q> in line 3908 of emu3.asm
              <q> missing or improper operators, terminators, or delimiters
?ASxxxx-Error-<q> in line 3910 of emu3.asm
              <q> missing or improper operators, terminators, or delimiters
?ASxxxx-Error-<q> in line 3912 of emu3.asm
              <q> missing or improper operators, terminators, or delimiters
?ASxxxx-Error-<q> in line 3956 of emu3.asm
              <q> missing or improper operators, terminators, or delimiters
?ASxxxx-Error-<q> in line 3958 of emu3.asm
              <q> missing or improper operators, terminators, or delimiters
?ASxxxx-Error-<q> in line 3961 of emu3.asm
              <q> missing or improper operators, terminators, or delimiters
?ASxxxx-Error-<q> in line 3968 of emu3.asm
              <q> missing or improper operators, terminators, or delimiters
?ASxxxx-Error-<q> in line 3998 of emu3.asm
              <q> missing or improper operators, terminators, or delimiters
?ASxxxx-Error-<q> in line 4000 of emu3.asm
              <q> missing or improper operators, terminators, or delimiters
?ASxxxx-Error-<q> in line 4005 of emu3.asm
              <q> missing or improper operators, terminators, or delimiters
?ASxxxx-Error-<q> in line 4007 of emu3.asm
              <q> missing or improper operators, terminators, or delimiters
?ASxxxx-Error-<q> in line 4009 of emu3.asm
              <q> missing or improper operators, terminators, or delimiters
?ASxxxx-Error-<q> in line 4012 of emu3.asm
              <q> missing or improper operators, terminators, or delimiters
?ASxxxx-Error-<q> in line 4016 of emu3.asm
              <q> missing or improper operators, terminators, or delimiters
?ASxxxx-Error-<q> in line 4034 of emu3.asm
              <q> missing or improper operators, terminators, or delimiters
?ASxxxx-Error-<q> in line 4036 of emu3.asm
              <q> missing or improper operators, terminators, or delimiters
?ASxxxx-Error-<q> in line 4037 of emu3.asm
              <q> missing or improper operators, terminators, or delimiters
?ASxxxx-Error-<q> in line 4038 of emu3.asm
              <q> missing or improper operators, terminators, or delimiters
?ASxxxx-Error-<q> in line 4039 of emu3.asm
              <q> missing or improper operators, terminators, or delimiters
?ASxxxx-Error-<q> in line 4040 of emu3.asm
              <q> missing or improper operators, terminators, or delimiters
?ASxxxx-Error-<q> in line 4041 of emu3.asm
              <q> missing or improper operators, terminators, or delimiters
?ASxxxx-Error-<kq> in line 4064 of emu3.asm
              <k> numerical conversion error
              <q> missing or improper operators, terminators, or delimiters
?ASxxxx-Error-<q> in line 4119 of emu3.asm
              <q> missing or improper operators, terminators, or delimiters
?ASxxxx-Error-<kq> in line 4120 of emu3.asm
              <k> numerical conversion error
              <q> missing or improper operators, terminators, or delimiters
?ASxxxx-Error-<q> in line 4121 of emu3.asm
              <q> missing or improper operators, terminators, or delimiters
?ASxxxx-Error-<kq> in line 4122 of emu3.asm
              <k> numerical conversion error
              <q> missing or improper operators, terminators, or delimiters
?ASxxxx-Error-<kq> in line 4123 of emu3.asm
              <k> numerical conversion error
              <q> missing or improper operators, terminators, or delimiters
?ASxxxx-Error-<kq> in line 4124 of emu3.asm
              <k> numerical conversion error
              <q> missing or improper operators, terminators, or delimiters
?ASxxxx-Error-<q> in line 4125 of emu3.asm
              <q> missing or improper operators, terminators, or delimiters
?ASxxxx-Error-<q> in line 4126 of emu3.asm
              <q> missing or improper operators, terminators, or delimiters
?ASxxxx-Error-<kq> in line 4166 of emu3.asm
              <k> numerical conversion error
              <q> missing or improper operators, terminators, or delimiters
?ASxxxx-Error-<kq> in line 4178 of emu3.asm
              <k> numerical conversion error
              <q> missing or improper operators, terminators, or delimiters
?ASxxxx-Error-<kq> in line 4192 of emu3.asm
              <k> numerical conversion error
              <q> missing or improper operators, terminators, or delimiters
?ASxxxx-Error-<q> in line 4218 of emu3.asm
              <q> missing or improper operators, terminators, or delimiters
?ASxxxx-Error-<q> in line 4219 of emu3.asm
              <q> missing or improper operators, terminators, or delimiters
?ASxxxx-Error-<q> in line 4220 of emu3.asm
              <q> missing or improper operators, terminators, or delimiters
?ASxxxx-Error-<q> in line 4253 of emu3.asm
              <q> missing or improper operators, terminators, or delimiters
?ASxxxx-Error-<q> in line 4255 of emu3.asm
              <q> missing or improper operators, terminators, or delimiters
?ASxxxx-Error-<kq> in line 4258 of emu3.asm
              <k> numerical conversion error
              <q> missing or improper operators, terminators, or delimiters
?ASxxxx-Error-<q> in line 4259 of emu3.asm
              <q> missing or improper operators, terminators, or delimiters
?ASxxxx-Error-<q> in line 4260 of emu3.asm
              <q> missing or improper operators, terminators, or delimiters
?ASxxxx-Error-<kq> in line 4261 of emu3.asm
              <k> numerical conversion error
              <q> missing or improper operators, terminators, or delimiters
?ASxxxx-Error-<q> in line 4262 of emu3.asm
              <q> missing or improper operators, terminators, or delimiters
?ASxxxx-Error-<kq> in line 4292 of emu3.asm
              <k> numerical conversion error
              <q> missing or improper operators, terminators, or delimiters
?ASxxxx-Error-<q> in line 4293 of emu3.asm
              <q> missing or improper operators, terminators, or delimiters
?ASxxxx-Error-<kq> in line 4294 of emu3.asm
              <k> numerical conversion error
              <q> missing or improper operators, terminators, or delimiters
?ASxxxx-Error-<kq> in line 4295 of emu3.asm
              <k> numerical conversion error
              <q> missing or improper operators, terminators, or delimiters
?ASxxxx-Error-<kq> in line 4296 of emu3.asm
              <k> numerical conversion error
              <q> missing or improper operators, terminators, or delimiters
?ASxxxx-Error-<q> in line 4297 of emu3.asm
              <q> missing or improper operators, terminators, or delimiters
?ASxxxx-Error-<kq> in line 4298 of emu3.asm
              <k> numerical conversion error
              <q> missing or improper operators, terminators, or delimiters
?ASxxxx-Error-<kq> in line 4299 of emu3.asm
              <k> numerical conversion error
              <q> missing or improper operators, terminators, or delimiters
?ASxxxx-Error-<q> in line 4300 of emu3.asm
              <q> missing or improper operators, terminators, or delimiters
?ASxxxx-Error-<q> in line 4335 of emu3.asm
              <q> missing or improper operators, terminators, or delimiters
?ASxxxx-Error-<u> in line 4355 of emu3.asm
              <u> undefined symbol encountered during assembly
?ASxxxx-Error-<q> in line 4357 of emu3.asm
              <q> missing or improper operators, terminators, or delimiters
?ASxxxx-Error-<u> in line 4364 of emu3.asm
              <u> undefined symbol encountered during assembly
?ASxxxx-Error-<q> in line 4369 of emu3.asm
              <q> missing or improper operators, terminators, or delimiters
?ASxxxx-Error-<o> in line 4383 of emu3.asm
              <o> .org in REL area or directive / mnemonic error
?ASxxxx-Error-<u> in line 4386 of emu3.asm
              <u> undefined symbol encountered during assembly
?ASxxxx-Error-<o> in line 4388 of emu3.asm
              <o> .org in REL area or directive / mnemonic error
?ASxxxx-Error-<u> in line 4397 of emu3.asm
              <u> undefined symbol encountered during assembly
?ASxxxx-Error-<o> in line 4399 of emu3.asm
              <o> .org in REL area or directive / mnemonic error
?ASxxxx-Error-<o> in line 4406 of emu3.asm
              <o> .org in REL area or directive / mnemonic error
?ASxxxx-Error-<u> in line 4408 of emu3.asm
              <u> undefined symbol encountered during assembly
?ASxxxx-Error-<u> in line 4410 of emu3.asm
              <u> undefined symbol encountered during assembly
?ASxxxx-Error-<o> in line 4411 of emu3.asm
              <o> .org in REL area or directive / mnemonic error
?ASxxxx-Error-<u> in line 4412 of emu3.asm
              <u> undefined symbol encountered during assembly
?ASxxxx-Error-<o> in line 4413 of emu3.asm
              <o> .org in REL area or directive / mnemonic error
?ASxxxx-Error-<u> in line 4419 of emu3.asm
              <u> undefined symbol encountered during assembly
?ASxxxx-Error-<o> in line 4421 of emu3.asm
              <o> .org in REL area or directive / mnemonic error
?ASxxxx-Error-<q> in line 4423 of emu3.asm
              <q> missing or improper operators, terminators, or delimiters
?ASxxxx-Error-<u> in line 4424 of emu3.asm
              <u> undefined symbol encountered during assembly
?ASxxxx-Error-<u> in line 4428 of emu3.asm
              <u> undefined symbol encountered during assembly
?ASxxxx-Error-<o> in line 4432 of emu3.asm
              <o> .org in REL area or directive / mnemonic error
?ASxxxx-Error-<o> in line 4436 of emu3.asm
              <o> .org in REL area or directive / mnemonic error
?ASxxxx-Error-<q> in line 4466 of emu3.asm
              <q> missing or improper operators, terminators, or delimiters
?ASxxxx-Error-<q> in line 4486 of emu3.asm
              <q> missing or improper operators, terminators, or delimiters
?ASxxxx-Error-<q> in line 4503 of emu3.asm
              <q> missing or improper operators, terminators, or delimiters
?ASxxxx-Error-<q> in line 4505 of emu3.asm
              <q> missing or improper operators, terminators, or delimiters
?ASxxxx-Error-<q> in line 4507 of emu3.asm
              <q> missing or improper operators, terminators, or delimiters
?ASxxxx-Error-<q> in line 4534 of emu3.asm
              <q> missing or improper operators, terminators, or delimiters

